2018/06/02 11:01:47 apigateway.go:236: [REQUEST]  /login   GET /login HTTP/2.0
Host: localhost:4430
Accept: text/html,application/xhtml+xml,application/xml;q=0.9,*/*;q=0.8
Accept-Encoding: gzip, deflate, br
Accept-Language: en-US,en;q=0.5
Upgrade-Insecure-Requests: 1
User-Agent: Mozilla/5.0 (Macintosh; Intel Mac OS X 10.12; rv:60.0) Gecko/20100101 Firefox/60.0


2018/06/02 11:01:47 apigateway.go:236: [REQUEST]  /static/css/font-awesome.min.css   GET /static/css/font-awesome.min.css HTTP/2.0
Host: localhost:4430
Accept: text/css,*/*;q=0.1
Accept-Encoding: gzip, deflate, br
Accept-Language: en-US,en;q=0.5
Cache-Control: max-age=0
Referer: https://localhost:4430/login
User-Agent: Mozilla/5.0 (Macintosh; Intel Mac OS X 10.12; rv:60.0) Gecko/20100101 Firefox/60.0


2018/06/02 11:01:47 apigateway.go:236: [REQUEST]  /static/css/bootstrap.min.css   GET /static/css/bootstrap.min.css HTTP/2.0
Host: localhost:4430
Accept: text/css,*/*;q=0.1
Accept-Encoding: gzip, deflate, br
Accept-Language: en-US,en;q=0.5
Cache-Control: max-age=0
Referer: https://localhost:4430/login
User-Agent: Mozilla/5.0 (Macintosh; Intel Mac OS X 10.12; rv:60.0) Gecko/20100101 Firefox/60.0


2018/06/02 11:01:47 apigateway.go:236: [REQUEST]  /static/css/fullcalendar.min.css   GET /static/css/fullcalendar.min.css HTTP/2.0
Host: localhost:4430
Accept: text/css,*/*;q=0.1
Accept-Encoding: gzip, deflate, br
Accept-Language: en-US,en;q=0.5
Cache-Control: max-age=0
Referer: https://localhost:4430/login
User-Agent: Mozilla/5.0 (Macintosh; Intel Mac OS X 10.12; rv:60.0) Gecko/20100101 Firefox/60.0


2018/06/02 11:01:47 apigateway.go:236: [REQUEST]  /static/css/bootstrap-datepicker.min.css   GET /static/css/bootstrap-datepicker.min.css HTTP/2.0
Host: localhost:4430
Accept: text/css,*/*;q=0.1
Accept-Encoding: gzip, deflate, br
Accept-Language: en-US,en;q=0.5
Cache-Control: max-age=0
Referer: https://localhost:4430/login
User-Agent: Mozilla/5.0 (Macintosh; Intel Mac OS X 10.12; rv:60.0) Gecko/20100101 Firefox/60.0


2018/06/02 11:01:47 apigateway.go:236: [REQUEST]  /static/css/main.css   GET /static/css/main.css HTTP/2.0
Host: localhost:4430
Accept: text/css,*/*;q=0.1
Accept-Encoding: gzip, deflate, br
Accept-Language: en-US,en;q=0.5
Cache-Control: max-age=0
Referer: https://localhost:4430/login
User-Agent: Mozilla/5.0 (Macintosh; Intel Mac OS X 10.12; rv:60.0) Gecko/20100101 Firefox/60.0


2018/06/02 11:01:47 apigateway.go:236: [REQUEST]  /static/js/jquery.min.js   GET /static/js/jquery.min.js HTTP/2.0
Host: localhost:4430
Accept: */*
Accept-Encoding: gzip, deflate, br
Accept-Language: en-US,en;q=0.5
Cache-Control: max-age=0
Referer: https://localhost:4430/login
User-Agent: Mozilla/5.0 (Macintosh; Intel Mac OS X 10.12; rv:60.0) Gecko/20100101 Firefox/60.0


2018/06/02 11:01:47 apigateway.go:236: [REQUEST]  /static/js/bootstrap.min.js   GET /static/js/bootstrap.min.js HTTP/2.0
Host: localhost:4430
Accept: */*
Accept-Encoding: gzip, deflate, br
Accept-Language: en-US,en;q=0.5
Cache-Control: max-age=0
Referer: https://localhost:4430/login
User-Agent: Mozilla/5.0 (Macintosh; Intel Mac OS X 10.12; rv:60.0) Gecko/20100101 Firefox/60.0


2018/06/02 11:01:47 apigateway.go:236: [REQUEST]  /static/js/typeahead.bundle.min.js   GET /static/js/typeahead.bundle.min.js HTTP/2.0
Host: localhost:4430
Accept: */*
Accept-Encoding: gzip, deflate, br
Accept-Language: en-US,en;q=0.5
Cache-Control: max-age=0
Referer: https://localhost:4430/login
User-Agent: Mozilla/5.0 (Macintosh; Intel Mac OS X 10.12; rv:60.0) Gecko/20100101 Firefox/60.0


2018/06/02 11:01:47 apigateway.go:236: [REQUEST]  /static/js/bootstrap-tagsinput.js   GET /static/js/bootstrap-tagsinput.js HTTP/2.0
Host: localhost:4430
Accept: */*
Accept-Encoding: gzip, deflate, br
Accept-Language: en-US,en;q=0.5
Cache-Control: max-age=0
Referer: https://localhost:4430/login
User-Agent: Mozilla/5.0 (Macintosh; Intel Mac OS X 10.12; rv:60.0) Gecko/20100101 Firefox/60.0


2018/06/02 11:01:47 apigateway.go:236: [REQUEST]  /static/js/moment.min.js   GET /static/js/moment.min.js HTTP/2.0
Host: localhost:4430
Accept: */*
Accept-Encoding: gzip, deflate, br
Accept-Language: en-US,en;q=0.5
Cache-Control: max-age=0
Referer: https://localhost:4430/login
User-Agent: Mozilla/5.0 (Macintosh; Intel Mac OS X 10.12; rv:60.0) Gecko/20100101 Firefox/60.0


2018/06/02 11:01:47 apigateway.go:236: [REQUEST]  /static/js/fullcalendar.min.js   GET /static/js/fullcalendar.min.js HTTP/2.0
Host: localhost:4430
Accept: */*
Accept-Encoding: gzip, deflate, br
Accept-Language: en-US,en;q=0.5
Cache-Control: max-age=0
Referer: https://localhost:4430/login
User-Agent: Mozilla/5.0 (Macintosh; Intel Mac OS X 10.12; rv:60.0) Gecko/20100101 Firefox/60.0


2018/06/02 11:01:47 apigateway.go:236: [REQUEST]  /static/js/bootstrap3-typeahead.min.js   GET /static/js/bootstrap3-typeahead.min.js HTTP/2.0
Host: localhost:4430
Accept: */*
Accept-Encoding: gzip, deflate, br
Accept-Language: en-US,en;q=0.5
Cache-Control: max-age=0
Referer: https://localhost:4430/login
User-Agent: Mozilla/5.0 (Macintosh; Intel Mac OS X 10.12; rv:60.0) Gecko/20100101 Firefox/60.0


2018/06/02 11:01:47 apigateway.go:236: [REQUEST]  /static/js/bootstrap-datepicker.min.js   GET /static/js/bootstrap-datepicker.min.js HTTP/2.0
Host: localhost:4430
Accept: */*
Accept-Encoding: gzip, deflate, br
Accept-Language: en-US,en;q=0.5
Cache-Control: max-age=0
Referer: https://localhost:4430/login
User-Agent: Mozilla/5.0 (Macintosh; Intel Mac OS X 10.12; rv:60.0) Gecko/20100101 Firefox/60.0


2018/06/02 11:01:47 apigateway.go:236: [REQUEST]  /static/js/app.js   GET /static/js/app.js HTTP/2.0
Host: localhost:4430
Accept: */*
Accept-Encoding: gzip, deflate, br
Accept-Language: en-US,en;q=0.5
Cache-Control: max-age=0
Referer: https://localhost:4430/login
User-Agent: Mozilla/5.0 (Macintosh; Intel Mac OS X 10.12; rv:60.0) Gecko/20100101 Firefox/60.0


2018/06/02 11:01:47 apigateway.go:236: [REQUEST]  /static/css/fullcalendar.print.min.css   GET /static/css/fullcalendar.print.min.css HTTP/2.0
Host: localhost:4430
Accept: text/css,*/*;q=0.1
Accept-Encoding: gzip, deflate, br
Accept-Language: en-US,en;q=0.5
Cache-Control: max-age=0
Referer: https://localhost:4430/login
User-Agent: Mozilla/5.0 (Macintosh; Intel Mac OS X 10.12; rv:60.0) Gecko/20100101 Firefox/60.0


2018/06/02 11:01:47 apigateway.go:236: [REQUEST]  /static/img/7034060-swiss-alps-wallpaper-14990.jpg   GET /static/img/7034060-swiss-alps-wallpaper-14990.jpg HTTP/2.0
Host: localhost:4430
Accept: */*
Accept-Encoding: gzip, deflate, br
Accept-Language: en-US,en;q=0.5
Cache-Control: max-age=0
If-Modified-Since: Sat, 12 May 2018 09:54:24 GMT
Referer: https://localhost:4430/static/css/main.css
User-Agent: Mozilla/5.0 (Macintosh; Intel Mac OS X 10.12; rv:60.0) Gecko/20100101 Firefox/60.0


2018/06/02 11:01:47 apigateway.go:236: [REQUEST]  /favicon.ico   GET /favicon.ico HTTP/2.0
Host: localhost:4430
Accept: */*
Accept-Encoding: gzip, deflate, br
Accept-Language: en-US,en;q=0.5
User-Agent: Mozilla/5.0 (Macintosh; Intel Mac OS X 10.12; rv:60.0) Gecko/20100101 Firefox/60.0


2018/06/02 11:01:47 apigateway.go:236: [REQUEST]  /favicon.ico   GET /favicon.ico HTTP/2.0
Host: localhost:4430
Accept: text/html,application/xhtml+xml,application/xml;q=0.9,*/*;q=0.8
Accept-Encoding: gzip, deflate, br
Accept-Language: en-US,en;q=0.5
User-Agent: Mozilla/5.0 (Macintosh; Intel Mac OS X 10.12; rv:60.0) Gecko/20100101 Firefox/60.0


2018/06/02 11:01:47 apigateway.go:236: [REQUEST]  /login   GET /login HTTP/2.0
Host: localhost:4430
Accept: text/html,application/xhtml+xml,application/xml;q=0.9,*/*;q=0.8
Accept-Encoding: gzip, deflate, br
Accept-Language: en-US,en;q=0.5
User-Agent: Mozilla/5.0 (Macintosh; Intel Mac OS X 10.12; rv:60.0) Gecko/20100101 Firefox/60.0


2018/06/02 11:01:48 apigateway.go:236: [REQUEST]  /login   POST /login HTTP/2.0
Host: localhost:4430
Accept: text/html,application/xhtml+xml,application/xml;q=0.9,*/*;q=0.8
Accept-Encoding: gzip, deflate, br
Accept-Language: en-US,en;q=0.5
Content-Length: 46
Content-Type: application/x-www-form-urlencoded
Referer: https://localhost:4430/login
Upgrade-Insecure-Requests: 1
User-Agent: Mozilla/5.0 (Macintosh; Intel Mac OS X 10.12; rv:60.0) Gecko/20100101 Firefox/60.0

email=probniEmail&password=dugackaSigurnaSifra
2018/06/02 11:01:48 apigateway.go:236: [REQUEST]  /   GET / HTTP/2.0
Host: localhost:4430
Accept: text/html,application/xhtml+xml,application/xml;q=0.9,*/*;q=0.8
Accept-Encoding: gzip, deflate, br
Accept-Language: en-US,en;q=0.5
Cookie: sid=5b125cfc4c751e0504c99866
Referer: https://localhost:4430/login
Upgrade-Insecure-Requests: 1
User-Agent: Mozilla/5.0 (Macintosh; Intel Mac OS X 10.12; rv:60.0) Gecko/20100101 Firefox/60.0


2018/06/02 11:01:48 apigateway.go:236: [REQUEST]  /static/js/app.js   GET /static/js/app.js HTTP/2.0
Host: localhost:4430
Accept: */*
Accept-Encoding: gzip, deflate, br
Accept-Language: en-US,en;q=0.5
Cookie: sid=5b125cfc4c751e0504c99866
If-Modified-Since: Thu, 31 May 2018 17:52:29 GMT
Referer: https://localhost:4430/
User-Agent: Mozilla/5.0 (Macintosh; Intel Mac OS X 10.12; rv:60.0) Gecko/20100101 Firefox/60.0


2018/06/02 11:01:49 apigateway.go:236: [REQUEST]  /api/tag/all   GET /api/tag/all HTTP/2.0
Host: localhost:4430
Accept: */*
Accept-Encoding: gzip, deflate, br
Accept-Language: en-US,en;q=0.5
Authorization: Bearer 5b125cfc4c751e0504c99866
Cookie: sid=5b125cfc4c751e0504c99866
Referer: https://localhost:4430/
User-Agent: Mozilla/5.0 (Macintosh; Intel Mac OS X 10.12; rv:60.0) Gecko/20100101 Firefox/60.0
X-Requested-With: XMLHttpRequest


2018/06/02 11:01:51 apigateway.go:236: [REQUEST]  /calendar   GET /calendar HTTP/2.0
Host: localhost:4430
Accept: text/html,application/xhtml+xml,application/xml;q=0.9,*/*;q=0.8
Accept-Encoding: gzip, deflate, br
Accept-Language: en-US,en;q=0.5
Cookie: sid=5b125cfc4c751e0504c99866
Referer: https://localhost:4430/
Upgrade-Insecure-Requests: 1
User-Agent: Mozilla/5.0 (Macintosh; Intel Mac OS X 10.12; rv:60.0) Gecko/20100101 Firefox/60.0


2018/06/02 11:03:44 apigateway.go:236: [REQUEST]  /calendar   GET /calendar HTTP/2.0
Host: localhost:4430
Accept: text/html,application/xhtml+xml,application/xml;q=0.9,*/*;q=0.8
Accept-Encoding: gzip, deflate, br
Accept-Language: en-US,en;q=0.5
Cache-Control: max-age=0
Cookie: sid=5b125cfc4c751e0504c99866
Referer: https://localhost:4430/
Upgrade-Insecure-Requests: 1
User-Agent: Mozilla/5.0 (Macintosh; Intel Mac OS X 10.12; rv:60.0) Gecko/20100101 Firefox/60.0


2018/06/02 11:03:45 apigateway.go:236: [REQUEST]  /static/css/font-awesome.min.css   GET /static/css/font-awesome.min.css HTTP/2.0
Host: localhost:4430
Accept: text/css,*/*;q=0.1
Accept-Encoding: gzip, deflate, br
Accept-Language: en-US,en;q=0.5
Cache-Control: max-age=0
Cookie: sid=5b125cfc4c751e0504c99866
If-Modified-Since: Sat, 12 May 2018 09:54:24 GMT
Referer: https://localhost:4430/calendar
User-Agent: Mozilla/5.0 (Macintosh; Intel Mac OS X 10.12; rv:60.0) Gecko/20100101 Firefox/60.0


2018/06/02 11:03:45 apigateway.go:236: [REQUEST]  /static/css/bootstrap.min.css   GET /static/css/bootstrap.min.css HTTP/2.0
Host: localhost:4430
Accept: text/css,*/*;q=0.1
Accept-Encoding: gzip, deflate, br
Accept-Language: en-US,en;q=0.5
Cache-Control: max-age=0
Cookie: sid=5b125cfc4c751e0504c99866
If-Modified-Since: Sat, 12 May 2018 07:16:59 GMT
Referer: https://localhost:4430/calendar
User-Agent: Mozilla/5.0 (Macintosh; Intel Mac OS X 10.12; rv:60.0) Gecko/20100101 Firefox/60.0


2018/06/02 11:03:45 apigateway.go:236: [REQUEST]  /static/css/fullcalendar.min.css   GET /static/css/fullcalendar.min.css HTTP/2.0
Host: localhost:4430
Accept: text/css,*/*;q=0.1
Accept-Encoding: gzip, deflate, br
Accept-Language: en-US,en;q=0.5
Cache-Control: max-age=0
Cookie: sid=5b125cfc4c751e0504c99866
If-Modified-Since: Sat, 26 May 2018 09:03:24 GMT
Referer: https://localhost:4430/calendar
User-Agent: Mozilla/5.0 (Macintosh; Intel Mac OS X 10.12; rv:60.0) Gecko/20100101 Firefox/60.0


2018/06/02 11:03:45 apigateway.go:236: [REQUEST]  /static/css/fullcalendar.print.min.css   GET /static/css/fullcalendar.print.min.css HTTP/2.0
Host: localhost:4430
Accept: text/css,*/*;q=0.1
Accept-Encoding: gzip, deflate, br
Accept-Language: en-US,en;q=0.5
Cache-Control: max-age=0
Cookie: sid=5b125cfc4c751e0504c99866
If-Modified-Since: Sat, 26 May 2018 09:25:15 GMT
Referer: https://localhost:4430/calendar
User-Agent: Mozilla/5.0 (Macintosh; Intel Mac OS X 10.12; rv:60.0) Gecko/20100101 Firefox/60.0


2018/06/02 11:03:45 apigateway.go:236: [REQUEST]  /static/css/bootstrap-datepicker.min.css   GET /static/css/bootstrap-datepicker.min.css HTTP/2.0
Host: localhost:4430
Accept: text/css,*/*;q=0.1
Accept-Encoding: gzip, deflate, br
Accept-Language: en-US,en;q=0.5
Cache-Control: max-age=0
Cookie: sid=5b125cfc4c751e0504c99866
If-Modified-Since: Fri, 05 Aug 2016 07:56:20 GMT
Referer: https://localhost:4430/calendar
User-Agent: Mozilla/5.0 (Macintosh; Intel Mac OS X 10.12; rv:60.0) Gecko/20100101 Firefox/60.0


2018/06/02 11:03:45 apigateway.go:236: [REQUEST]  /static/css/main.css   GET /static/css/main.css HTTP/2.0
Host: localhost:4430
Accept: text/css,*/*;q=0.1
Accept-Encoding: gzip, deflate, br
Accept-Language: en-US,en;q=0.5
Cache-Control: max-age=0
Cookie: sid=5b125cfc4c751e0504c99866
If-Modified-Since: Sun, 27 May 2018 17:24:54 GMT
Referer: https://localhost:4430/calendar
User-Agent: Mozilla/5.0 (Macintosh; Intel Mac OS X 10.12; rv:60.0) Gecko/20100101 Firefox/60.0


2018/06/02 11:03:45 apigateway.go:236: [REQUEST]  /static/js/jquery.min.js   GET /static/js/jquery.min.js HTTP/2.0
Host: localhost:4430
Accept: */*
Accept-Encoding: gzip, deflate, br
Accept-Language: en-US,en;q=0.5
Cache-Control: max-age=0
Cookie: sid=5b125cfc4c751e0504c99866
If-Modified-Since: Sat, 12 May 2018 07:16:59 GMT
Referer: https://localhost:4430/calendar
User-Agent: Mozilla/5.0 (Macintosh; Intel Mac OS X 10.12; rv:60.0) Gecko/20100101 Firefox/60.0


2018/06/02 11:03:45 apigateway.go:236: [REQUEST]  /static/js/bootstrap.min.js   GET /static/js/bootstrap.min.js HTTP/2.0
Host: localhost:4430
Accept: */*
Accept-Encoding: gzip, deflate, br
Accept-Language: en-US,en;q=0.5
Cache-Control: max-age=0
Cookie: sid=5b125cfc4c751e0504c99866
If-Modified-Since: Sat, 12 May 2018 07:16:59 GMT
Referer: https://localhost:4430/calendar
User-Agent: Mozilla/5.0 (Macintosh; Intel Mac OS X 10.12; rv:60.0) Gecko/20100101 Firefox/60.0


2018/06/02 11:03:45 apigateway.go:236: [REQUEST]  /static/js/typeahead.bundle.min.js   GET /static/js/typeahead.bundle.min.js HTTP/2.0
Host: localhost:4430
Accept: */*
Accept-Encoding: gzip, deflate, br
Accept-Language: en-US,en;q=0.5
Cache-Control: max-age=0
Cookie: sid=5b125cfc4c751e0504c99866
If-Modified-Since: Sun, 13 May 2018 15:44:39 GMT
Referer: https://localhost:4430/calendar
User-Agent: Mozilla/5.0 (Macintosh; Intel Mac OS X 10.12; rv:60.0) Gecko/20100101 Firefox/60.0


2018/06/02 11:03:45 apigateway.go:236: [REQUEST]  /static/js/fullcalendar.min.js   GET /static/js/fullcalendar.min.js HTTP/2.0
Host: localhost:4430
Accept: */*
Accept-Encoding: gzip, deflate, br
Accept-Language: en-US,en;q=0.5
Cache-Control: max-age=0
Cookie: sid=5b125cfc4c751e0504c99866
If-Modified-Since: Sat, 26 May 2018 09:03:09 GMT
Referer: https://localhost:4430/calendar
User-Agent: Mozilla/5.0 (Macintosh; Intel Mac OS X 10.12; rv:60.0) Gecko/20100101 Firefox/60.0


2018/06/02 11:03:45 apigateway.go:236: [REQUEST]  /static/js/bootstrap-tagsinput.js   GET /static/js/bootstrap-tagsinput.js HTTP/2.0
Host: localhost:4430
Accept: */*
Accept-Encoding: gzip, deflate, br
Accept-Language: en-US,en;q=0.5
Cache-Control: max-age=0
Cookie: sid=5b125cfc4c751e0504c99866
If-Modified-Since: Mon, 02 Nov 2015 18:26:42 GMT
Referer: https://localhost:4430/calendar
User-Agent: Mozilla/5.0 (Macintosh; Intel Mac OS X 10.12; rv:60.0) Gecko/20100101 Firefox/60.0


2018/06/02 11:03:45 apigateway.go:236: [REQUEST]  /static/js/moment.min.js   GET /static/js/moment.min.js HTTP/2.0
Host: localhost:4430
Accept: */*
Accept-Encoding: gzip, deflate, br
Accept-Language: en-US,en;q=0.5
Cache-Control: max-age=0
Cookie: sid=5b125cfc4c751e0504c99866
If-Modified-Since: Sat, 26 May 2018 09:05:06 GMT
Referer: https://localhost:4430/calendar
User-Agent: Mozilla/5.0 (Macintosh; Intel Mac OS X 10.12; rv:60.0) Gecko/20100101 Firefox/60.0


2018/06/02 11:03:45 apigateway.go:236: [REQUEST]  /static/js/bootstrap-datepicker.min.js   GET /static/js/bootstrap-datepicker.min.js HTTP/2.0
Host: localhost:4430
Accept: */*
Accept-Encoding: gzip, deflate, br
Accept-Language: en-US,en;q=0.5
Cache-Control: max-age=0
Cookie: sid=5b125cfc4c751e0504c99866
If-Modified-Since: Fri, 05 Aug 2016 07:56:20 GMT
Referer: https://localhost:4430/calendar
User-Agent: Mozilla/5.0 (Macintosh; Intel Mac OS X 10.12; rv:60.0) Gecko/20100101 Firefox/60.0


2018/06/02 11:03:45 apigateway.go:236: [REQUEST]  /static/js/bootstrap3-typeahead.min.js   GET /static/js/bootstrap3-typeahead.min.js HTTP/2.0
Host: localhost:4430
Accept: */*
Accept-Encoding: gzip, deflate, br
Accept-Language: en-US,en;q=0.5
Cache-Control: max-age=0
Cookie: sid=5b125cfc4c751e0504c99866
If-Modified-Since: Sun, 27 May 2018 09:28:14 GMT
Referer: https://localhost:4430/calendar
User-Agent: Mozilla/5.0 (Macintosh; Intel Mac OS X 10.12; rv:60.0) Gecko/20100101 Firefox/60.0


2018/06/02 11:03:45 apigateway.go:236: [REQUEST]  /static/js/app.js   GET /static/js/app.js HTTP/2.0
Host: localhost:4430
Accept: */*
Accept-Encoding: gzip, deflate, br
Accept-Language: en-US,en;q=0.5
Cache-Control: max-age=0
Cookie: sid=5b125cfc4c751e0504c99866
If-Modified-Since: Thu, 31 May 2018 17:52:29 GMT
Referer: https://localhost:4430/calendar
User-Agent: Mozilla/5.0 (Macintosh; Intel Mac OS X 10.12; rv:60.0) Gecko/20100101 Firefox/60.0


2018/06/02 11:03:46 apigateway.go:236: [REQUEST]  /static/img/7034060-swiss-alps-wallpaper-14990.jpg   GET /static/img/7034060-swiss-alps-wallpaper-14990.jpg HTTP/2.0
Host: localhost:4430
Accept: */*
Accept-Encoding: gzip, deflate, br
Accept-Language: en-US,en;q=0.5
Cache-Control: max-age=0
Cookie: sid=5b125cfc4c751e0504c99866
If-Modified-Since: Sat, 12 May 2018 09:54:24 GMT
Referer: https://localhost:4430/static/css/main.css
User-Agent: Mozilla/5.0 (Macintosh; Intel Mac OS X 10.12; rv:60.0) Gecko/20100101 Firefox/60.0


2018/06/02 11:04:05 apigateway.go:236: [REQUEST]  /static/fonts/glyphicons-halflings-regular.woff2   GET /static/fonts/glyphicons-halflings-regular.woff2 HTTP/2.0
Host: localhost:4430
Accept: application/font-woff2;q=1.0,application/font-woff;q=0.9,*/*;q=0.8
Accept-Encoding: identity
Accept-Language: en-US,en;q=0.5
Cookie: sid=5b125cfc4c751e0504c99866
Referer: https://localhost:4430/static/css/bootstrap.min.css
User-Agent: Mozilla/5.0 (Macintosh; Intel Mac OS X 10.12; rv:60.0) Gecko/20100101 Firefox/60.0


2018/06/02 11:04:05 reverseproxy.go:321: http: proxy error: context canceled
2018/06/02 11:04:35 apigateway.go:236: [REQUEST]  /static/css/bootstrap.min.css.map   GET /static/css/bootstrap.min.css.map HTTP/2.0
Host: localhost:4430
Accept: */*
Accept-Encoding: gzip, deflate, br
Accept-Language: en-US,en;q=0.5
Cache-Control: max-age=0
If-Modified-Since: Sat, 12 May 2018 10:44:12 GMT
Origin: null
User-Agent: Mozilla/5.0 (Macintosh; Intel Mac OS X 10.12; rv:60.0) Gecko/20100101 Firefox/60.0


2018/06/02 11:04:37 apigateway.go:236: [REQUEST]  /static/css/bootstrap-datepicker.min.css.map   GET /static/css/bootstrap-datepicker.min.css.map HTTP/2.0
Host: localhost:4430
Accept: */*
Accept-Encoding: gzip, deflate, br
Accept-Language: en-US,en;q=0.5
Origin: null
User-Agent: Mozilla/5.0 (Macintosh; Intel Mac OS X 10.12; rv:60.0) Gecko/20100101 Firefox/60.0


2018/06/02 11:05:48 apigateway.go:236: [REQUEST]  /calendar   GET /calendar HTTP/2.0
Host: localhost:4430
Accept: text/html,application/xhtml+xml,application/xml;q=0.9,*/*;q=0.8
Accept-Encoding: gzip, deflate, br
Accept-Language: en-US,en;q=0.5
Cache-Control: max-age=0
Cookie: sid=5b125cfc4c751e0504c99866
Referer: https://localhost:4430/
Upgrade-Insecure-Requests: 1
User-Agent: Mozilla/5.0 (Macintosh; Intel Mac OS X 10.12; rv:60.0) Gecko/20100101 Firefox/60.0


2018/06/02 11:05:49 apigateway.go:236: [REQUEST]  /static/css/font-awesome.min.css   GET /static/css/font-awesome.min.css HTTP/2.0
Host: localhost:4430
Accept: text/css,*/*;q=0.1
Accept-Encoding: gzip, deflate, br
Accept-Language: en-US,en;q=0.5
Cache-Control: max-age=0
Cookie: sid=5b125cfc4c751e0504c99866
If-Modified-Since: Sat, 12 May 2018 09:54:24 GMT
Referer: https://localhost:4430/calendar
User-Agent: Mozilla/5.0 (Macintosh; Intel Mac OS X 10.12; rv:60.0) Gecko/20100101 Firefox/60.0


2018/06/02 11:05:49 apigateway.go:236: [REQUEST]  /static/css/bootstrap.min.css   GET /static/css/bootstrap.min.css HTTP/2.0
Host: localhost:4430
Accept: text/css,*/*;q=0.1
Accept-Encoding: gzip, deflate, br
Accept-Language: en-US,en;q=0.5
Cache-Control: max-age=0
Cookie: sid=5b125cfc4c751e0504c99866
If-Modified-Since: Sat, 12 May 2018 07:16:59 GMT
Referer: https://localhost:4430/calendar
User-Agent: Mozilla/5.0 (Macintosh; Intel Mac OS X 10.12; rv:60.0) Gecko/20100101 Firefox/60.0


2018/06/02 11:05:49 apigateway.go:236: [REQUEST]  /static/css/fullcalendar.min.css   GET /static/css/fullcalendar.min.css HTTP/2.0
Host: localhost:4430
Accept: text/css,*/*;q=0.1
Accept-Encoding: gzip, deflate, br
Accept-Language: en-US,en;q=0.5
Cache-Control: max-age=0
Cookie: sid=5b125cfc4c751e0504c99866
If-Modified-Since: Sat, 26 May 2018 09:03:24 GMT
Referer: https://localhost:4430/calendar
User-Agent: Mozilla/5.0 (Macintosh; Intel Mac OS X 10.12; rv:60.0) Gecko/20100101 Firefox/60.0


2018/06/02 11:05:49 apigateway.go:236: [REQUEST]  /static/css/fullcalendar.print.min.css   GET /static/css/fullcalendar.print.min.css HTTP/2.0
Host: localhost:4430
Accept: text/css,*/*;q=0.1
Accept-Encoding: gzip, deflate, br
Accept-Language: en-US,en;q=0.5
Cache-Control: max-age=0
Cookie: sid=5b125cfc4c751e0504c99866
If-Modified-Since: Sat, 26 May 2018 09:25:15 GMT
Referer: https://localhost:4430/calendar
User-Agent: Mozilla/5.0 (Macintosh; Intel Mac OS X 10.12; rv:60.0) Gecko/20100101 Firefox/60.0


2018/06/02 11:05:49 apigateway.go:236: [REQUEST]  /static/css/bootstrap-datepicker.min.css   GET /static/css/bootstrap-datepicker.min.css HTTP/2.0
Host: localhost:4430
Accept: text/css,*/*;q=0.1
Accept-Encoding: gzip, deflate, br
Accept-Language: en-US,en;q=0.5
Cache-Control: max-age=0
Cookie: sid=5b125cfc4c751e0504c99866
If-Modified-Since: Fri, 05 Aug 2016 07:56:20 GMT
Referer: https://localhost:4430/calendar
User-Agent: Mozilla/5.0 (Macintosh; Intel Mac OS X 10.12; rv:60.0) Gecko/20100101 Firefox/60.0


2018/06/02 11:05:49 apigateway.go:236: [REQUEST]  /static/css/main.css   GET /static/css/main.css HTTP/2.0
Host: localhost:4430
Accept: text/css,*/*;q=0.1
Accept-Encoding: gzip, deflate, br
Accept-Language: en-US,en;q=0.5
Cache-Control: max-age=0
Cookie: sid=5b125cfc4c751e0504c99866
If-Modified-Since: Sun, 27 May 2018 17:24:54 GMT
Referer: https://localhost:4430/calendar
User-Agent: Mozilla/5.0 (Macintosh; Intel Mac OS X 10.12; rv:60.0) Gecko/20100101 Firefox/60.0


2018/06/02 11:05:49 apigateway.go:236: [REQUEST]  /static/js/jquery.min.js   GET /static/js/jquery.min.js HTTP/2.0
Host: localhost:4430
Accept: */*
Accept-Encoding: gzip, deflate, br
Accept-Language: en-US,en;q=0.5
Cache-Control: max-age=0
Cookie: sid=5b125cfc4c751e0504c99866
If-Modified-Since: Sat, 12 May 2018 07:16:59 GMT
Referer: https://localhost:4430/calendar
User-Agent: Mozilla/5.0 (Macintosh; Intel Mac OS X 10.12; rv:60.0) Gecko/20100101 Firefox/60.0


2018/06/02 11:05:49 apigateway.go:236: [REQUEST]  /static/js/bootstrap.min.js   GET /static/js/bootstrap.min.js HTTP/2.0
Host: localhost:4430
Accept: */*
Accept-Encoding: gzip, deflate, br
Accept-Language: en-US,en;q=0.5
Cache-Control: max-age=0
Cookie: sid=5b125cfc4c751e0504c99866
If-Modified-Since: Sat, 12 May 2018 07:16:59 GMT
Referer: https://localhost:4430/calendar
User-Agent: Mozilla/5.0 (Macintosh; Intel Mac OS X 10.12; rv:60.0) Gecko/20100101 Firefox/60.0


2018/06/02 11:05:49 apigateway.go:236: [REQUEST]  /static/js/typeahead.bundle.min.js   GET /static/js/typeahead.bundle.min.js HTTP/2.0
Host: localhost:4430
Accept: */*
Accept-Encoding: gzip, deflate, br
Accept-Language: en-US,en;q=0.5
Cache-Control: max-age=0
Cookie: sid=5b125cfc4c751e0504c99866
If-Modified-Since: Sun, 13 May 2018 15:44:39 GMT
Referer: https://localhost:4430/calendar
User-Agent: Mozilla/5.0 (Macintosh; Intel Mac OS X 10.12; rv:60.0) Gecko/20100101 Firefox/60.0


2018/06/02 11:05:49 apigateway.go:236: [REQUEST]  /static/js/bootstrap-tagsinput.js   GET /static/js/bootstrap-tagsinput.js HTTP/2.0
Host: localhost:4430
Accept: */*
Accept-Encoding: gzip, deflate, br
Accept-Language: en-US,en;q=0.5
Cache-Control: max-age=0
Cookie: sid=5b125cfc4c751e0504c99866
If-Modified-Since: Mon, 02 Nov 2015 18:26:42 GMT
Referer: https://localhost:4430/calendar
User-Agent: Mozilla/5.0 (Macintosh; Intel Mac OS X 10.12; rv:60.0) Gecko/20100101 Firefox/60.0


2018/06/02 11:05:49 apigateway.go:236: [REQUEST]  /static/js/moment.min.js   GET /static/js/moment.min.js HTTP/2.0
Host: localhost:4430
Accept: */*
Accept-Encoding: gzip, deflate, br
Accept-Language: en-US,en;q=0.5
Cache-Control: max-age=0
Cookie: sid=5b125cfc4c751e0504c99866
If-Modified-Since: Sat, 26 May 2018 09:05:06 GMT
Referer: https://localhost:4430/calendar
User-Agent: Mozilla/5.0 (Macintosh; Intel Mac OS X 10.12; rv:60.0) Gecko/20100101 Firefox/60.0


2018/06/02 11:05:49 apigateway.go:236: [REQUEST]  /static/js/fullcalendar.min.js   GET /static/js/fullcalendar.min.js HTTP/2.0
Host: localhost:4430
Accept: */*
Accept-Encoding: gzip, deflate, br
Accept-Language: en-US,en;q=0.5
Cache-Control: max-age=0
Cookie: sid=5b125cfc4c751e0504c99866
If-Modified-Since: Sat, 26 May 2018 09:03:09 GMT
Referer: https://localhost:4430/calendar
User-Agent: Mozilla/5.0 (Macintosh; Intel Mac OS X 10.12; rv:60.0) Gecko/20100101 Firefox/60.0


2018/06/02 11:05:49 apigateway.go:236: [REQUEST]  /static/js/bootstrap3-typeahead.min.js   GET /static/js/bootstrap3-typeahead.min.js HTTP/2.0
Host: localhost:4430
Accept: */*
Accept-Encoding: gzip, deflate, br
Accept-Language: en-US,en;q=0.5
Cache-Control: max-age=0
Cookie: sid=5b125cfc4c751e0504c99866
If-Modified-Since: Sun, 27 May 2018 09:28:14 GMT
Referer: https://localhost:4430/calendar
User-Agent: Mozilla/5.0 (Macintosh; Intel Mac OS X 10.12; rv:60.0) Gecko/20100101 Firefox/60.0


2018/06/02 11:05:49 apigateway.go:236: [REQUEST]  /static/js/bootstrap-datepicker.min.js   GET /static/js/bootstrap-datepicker.min.js HTTP/2.0
Host: localhost:4430
Accept: */*
Accept-Encoding: gzip, deflate, br
Accept-Language: en-US,en;q=0.5
Cache-Control: max-age=0
Cookie: sid=5b125cfc4c751e0504c99866
If-Modified-Since: Fri, 05 Aug 2016 07:56:20 GMT
Referer: https://localhost:4430/calendar
User-Agent: Mozilla/5.0 (Macintosh; Intel Mac OS X 10.12; rv:60.0) Gecko/20100101 Firefox/60.0


2018/06/02 11:05:49 apigateway.go:236: [REQUEST]  /static/js/app.js   GET /static/js/app.js HTTP/2.0
Host: localhost:4430
Accept: */*
Accept-Encoding: gzip, deflate, br
Accept-Language: en-US,en;q=0.5
Cache-Control: max-age=0
Cookie: sid=5b125cfc4c751e0504c99866
If-Modified-Since: Sat, 02 Jun 2018 09:03:39 GMT
Referer: https://localhost:4430/calendar
User-Agent: Mozilla/5.0 (Macintosh; Intel Mac OS X 10.12; rv:60.0) Gecko/20100101 Firefox/60.0


2018/06/02 11:05:50 apigateway.go:236: [REQUEST]  /static/img/7034060-swiss-alps-wallpaper-14990.jpg   GET /static/img/7034060-swiss-alps-wallpaper-14990.jpg HTTP/2.0
Host: localhost:4430
Accept: */*
Accept-Encoding: gzip, deflate, br
Accept-Language: en-US,en;q=0.5
Cache-Control: max-age=0
Cookie: sid=5b125cfc4c751e0504c99866
If-Modified-Since: Sat, 12 May 2018 09:54:24 GMT
Referer: https://localhost:4430/static/css/main.css
User-Agent: Mozilla/5.0 (Macintosh; Intel Mac OS X 10.12; rv:60.0) Gecko/20100101 Firefox/60.0


2018/06/02 11:06:09 apigateway.go:236: [REQUEST]  /calendar   GET /calendar HTTP/2.0
Host: localhost:4430
Accept: text/html,application/xhtml+xml,application/xml;q=0.9,*/*;q=0.8
Accept-Encoding: gzip, deflate, br
Accept-Language: en-US,en;q=0.5
Cache-Control: max-age=0
Cookie: sid=5b125cfc4c751e0504c99866
Referer: https://localhost:4430/
Upgrade-Insecure-Requests: 1
User-Agent: Mozilla/5.0 (Macintosh; Intel Mac OS X 10.12; rv:60.0) Gecko/20100101 Firefox/60.0


2018/06/02 11:06:10 apigateway.go:236: [REQUEST]  /static/css/font-awesome.min.css   GET /static/css/font-awesome.min.css HTTP/2.0
Host: localhost:4430
Accept: text/css,*/*;q=0.1
Accept-Encoding: gzip, deflate, br
Accept-Language: en-US,en;q=0.5
Cache-Control: max-age=0
Cookie: sid=5b125cfc4c751e0504c99866
If-Modified-Since: Sat, 12 May 2018 09:54:24 GMT
Referer: https://localhost:4430/calendar
User-Agent: Mozilla/5.0 (Macintosh; Intel Mac OS X 10.12; rv:60.0) Gecko/20100101 Firefox/60.0


2018/06/02 11:06:10 apigateway.go:236: [REQUEST]  /static/css/bootstrap.min.css   GET /static/css/bootstrap.min.css HTTP/2.0
Host: localhost:4430
Accept: text/css,*/*;q=0.1
Accept-Encoding: gzip, deflate, br
Accept-Language: en-US,en;q=0.5
Cache-Control: max-age=0
Cookie: sid=5b125cfc4c751e0504c99866
If-Modified-Since: Sat, 12 May 2018 07:16:59 GMT
Referer: https://localhost:4430/calendar
User-Agent: Mozilla/5.0 (Macintosh; Intel Mac OS X 10.12; rv:60.0) Gecko/20100101 Firefox/60.0


2018/06/02 11:06:10 apigateway.go:236: [REQUEST]  /static/css/fullcalendar.min.css   GET /static/css/fullcalendar.min.css HTTP/2.0
Host: localhost:4430
Accept: text/css,*/*;q=0.1
Accept-Encoding: gzip, deflate, br
Accept-Language: en-US,en;q=0.5
Cache-Control: max-age=0
Cookie: sid=5b125cfc4c751e0504c99866
If-Modified-Since: Sat, 26 May 2018 09:03:24 GMT
Referer: https://localhost:4430/calendar
User-Agent: Mozilla/5.0 (Macintosh; Intel Mac OS X 10.12; rv:60.0) Gecko/20100101 Firefox/60.0


2018/06/02 11:06:10 apigateway.go:236: [REQUEST]  /static/css/fullcalendar.print.min.css   GET /static/css/fullcalendar.print.min.css HTTP/2.0
Host: localhost:4430
Accept: text/css,*/*;q=0.1
Accept-Encoding: gzip, deflate, br
Accept-Language: en-US,en;q=0.5
Cache-Control: max-age=0
Cookie: sid=5b125cfc4c751e0504c99866
If-Modified-Since: Sat, 26 May 2018 09:25:15 GMT
Referer: https://localhost:4430/calendar
User-Agent: Mozilla/5.0 (Macintosh; Intel Mac OS X 10.12; rv:60.0) Gecko/20100101 Firefox/60.0


2018/06/02 11:06:10 apigateway.go:236: [REQUEST]  /static/css/bootstrap-datepicker.min.css   GET /static/css/bootstrap-datepicker.min.css HTTP/2.0
Host: localhost:4430
Accept: text/css,*/*;q=0.1
Accept-Encoding: gzip, deflate, br
Accept-Language: en-US,en;q=0.5
Cache-Control: max-age=0
Cookie: sid=5b125cfc4c751e0504c99866
If-Modified-Since: Fri, 05 Aug 2016 07:56:20 GMT
Referer: https://localhost:4430/calendar
User-Agent: Mozilla/5.0 (Macintosh; Intel Mac OS X 10.12; rv:60.0) Gecko/20100101 Firefox/60.0


2018/06/02 11:06:10 apigateway.go:236: [REQUEST]  /static/css/main.css   GET /static/css/main.css HTTP/2.0
Host: localhost:4430
Accept: text/css,*/*;q=0.1
Accept-Encoding: gzip, deflate, br
Accept-Language: en-US,en;q=0.5
Cache-Control: max-age=0
Cookie: sid=5b125cfc4c751e0504c99866
If-Modified-Since: Sun, 27 May 2018 17:24:54 GMT
Referer: https://localhost:4430/calendar
User-Agent: Mozilla/5.0 (Macintosh; Intel Mac OS X 10.12; rv:60.0) Gecko/20100101 Firefox/60.0


2018/06/02 11:06:10 apigateway.go:236: [REQUEST]  /static/js/jquery.min.js   GET /static/js/jquery.min.js HTTP/2.0
Host: localhost:4430
Accept: */*
Accept-Encoding: gzip, deflate, br
Accept-Language: en-US,en;q=0.5
Cache-Control: max-age=0
Cookie: sid=5b125cfc4c751e0504c99866
If-Modified-Since: Sat, 12 May 2018 07:16:59 GMT
Referer: https://localhost:4430/calendar
User-Agent: Mozilla/5.0 (Macintosh; Intel Mac OS X 10.12; rv:60.0) Gecko/20100101 Firefox/60.0


2018/06/02 11:06:10 apigateway.go:236: [REQUEST]  /static/js/bootstrap.min.js   GET /static/js/bootstrap.min.js HTTP/2.0
Host: localhost:4430
Accept: */*
Accept-Encoding: gzip, deflate, br
Accept-Language: en-US,en;q=0.5
Cache-Control: max-age=0
Cookie: sid=5b125cfc4c751e0504c99866
If-Modified-Since: Sat, 12 May 2018 07:16:59 GMT
Referer: https://localhost:4430/calendar
User-Agent: Mozilla/5.0 (Macintosh; Intel Mac OS X 10.12; rv:60.0) Gecko/20100101 Firefox/60.0


2018/06/02 11:06:10 apigateway.go:236: [REQUEST]  /static/js/typeahead.bundle.min.js   GET /static/js/typeahead.bundle.min.js HTTP/2.0
Host: localhost:4430
Accept: */*
Accept-Encoding: gzip, deflate, br
Accept-Language: en-US,en;q=0.5
Cache-Control: max-age=0
Cookie: sid=5b125cfc4c751e0504c99866
If-Modified-Since: Sun, 13 May 2018 15:44:39 GMT
Referer: https://localhost:4430/calendar
User-Agent: Mozilla/5.0 (Macintosh; Intel Mac OS X 10.12; rv:60.0) Gecko/20100101 Firefox/60.0


2018/06/02 11:06:10 apigateway.go:236: [REQUEST]  /static/js/bootstrap-tagsinput.js   GET /static/js/bootstrap-tagsinput.js HTTP/2.0
Host: localhost:4430
Accept: */*
Accept-Encoding: gzip, deflate, br
Accept-Language: en-US,en;q=0.5
Cache-Control: max-age=0
Cookie: sid=5b125cfc4c751e0504c99866
If-Modified-Since: Mon, 02 Nov 2015 18:26:42 GMT
Referer: https://localhost:4430/calendar
User-Agent: Mozilla/5.0 (Macintosh; Intel Mac OS X 10.12; rv:60.0) Gecko/20100101 Firefox/60.0


2018/06/02 11:06:10 apigateway.go:236: [REQUEST]  /static/js/moment.min.js   GET /static/js/moment.min.js HTTP/2.0
Host: localhost:4430
Accept: */*
Accept-Encoding: gzip, deflate, br
Accept-Language: en-US,en;q=0.5
Cache-Control: max-age=0
Cookie: sid=5b125cfc4c751e0504c99866
If-Modified-Since: Sat, 26 May 2018 09:05:06 GMT
Referer: https://localhost:4430/calendar
User-Agent: Mozilla/5.0 (Macintosh; Intel Mac OS X 10.12; rv:60.0) Gecko/20100101 Firefox/60.0


2018/06/02 11:06:10 apigateway.go:236: [REQUEST]  /static/js/fullcalendar.min.js   GET /static/js/fullcalendar.min.js HTTP/2.0
Host: localhost:4430
Accept: */*
Accept-Encoding: gzip, deflate, br
Accept-Language: en-US,en;q=0.5
Cache-Control: max-age=0
Cookie: sid=5b125cfc4c751e0504c99866
If-Modified-Since: Sat, 26 May 2018 09:03:09 GMT
Referer: https://localhost:4430/calendar
User-Agent: Mozilla/5.0 (Macintosh; Intel Mac OS X 10.12; rv:60.0) Gecko/20100101 Firefox/60.0


2018/06/02 11:06:10 apigateway.go:236: [REQUEST]  /static/js/bootstrap3-typeahead.min.js   GET /static/js/bootstrap3-typeahead.min.js HTTP/2.0
Host: localhost:4430
Accept: */*
Accept-Encoding: gzip, deflate, br
Accept-Language: en-US,en;q=0.5
Cache-Control: max-age=0
Cookie: sid=5b125cfc4c751e0504c99866
If-Modified-Since: Sun, 27 May 2018 09:28:14 GMT
Referer: https://localhost:4430/calendar
User-Agent: Mozilla/5.0 (Macintosh; Intel Mac OS X 10.12; rv:60.0) Gecko/20100101 Firefox/60.0


2018/06/02 11:06:10 apigateway.go:236: [REQUEST]  /static/js/bootstrap-datepicker.min.js   GET /static/js/bootstrap-datepicker.min.js HTTP/2.0
Host: localhost:4430
Accept: */*
Accept-Encoding: gzip, deflate, br
Accept-Language: en-US,en;q=0.5
Cache-Control: max-age=0
Cookie: sid=5b125cfc4c751e0504c99866
If-Modified-Since: Fri, 05 Aug 2016 07:56:20 GMT
Referer: https://localhost:4430/calendar
User-Agent: Mozilla/5.0 (Macintosh; Intel Mac OS X 10.12; rv:60.0) Gecko/20100101 Firefox/60.0


2018/06/02 11:06:10 apigateway.go:236: [REQUEST]  /static/js/app.js   GET /static/js/app.js HTTP/2.0
Host: localhost:4430
Accept: */*
Accept-Encoding: gzip, deflate, br
Accept-Language: en-US,en;q=0.5
Cache-Control: max-age=0
Cookie: sid=5b125cfc4c751e0504c99866
If-Modified-Since: Sat, 02 Jun 2018 09:05:47 GMT
Referer: https://localhost:4430/calendar
User-Agent: Mozilla/5.0 (Macintosh; Intel Mac OS X 10.12; rv:60.0) Gecko/20100101 Firefox/60.0


2018/06/02 11:06:11 apigateway.go:236: [REQUEST]  /static/img/7034060-swiss-alps-wallpaper-14990.jpg   GET /static/img/7034060-swiss-alps-wallpaper-14990.jpg HTTP/2.0
Host: localhost:4430
Accept: */*
Accept-Encoding: gzip, deflate, br
Accept-Language: en-US,en;q=0.5
Cache-Control: max-age=0
Cookie: sid=5b125cfc4c751e0504c99866
If-Modified-Since: Sat, 12 May 2018 09:54:24 GMT
Referer: https://localhost:4430/static/css/main.css
User-Agent: Mozilla/5.0 (Macintosh; Intel Mac OS X 10.12; rv:60.0) Gecko/20100101 Firefox/60.0


2018/06/02 11:08:07 apigateway.go:236: [REQUEST]  /calendar   GET /calendar HTTP/2.0
Host: localhost:4430
Accept: text/html,application/xhtml+xml,application/xml;q=0.9,*/*;q=0.8
Accept-Encoding: gzip, deflate, br
Accept-Language: en-US,en;q=0.5
Cache-Control: max-age=0
Cookie: sid=5b125cfc4c751e0504c99866
Referer: https://localhost:4430/
Upgrade-Insecure-Requests: 1
User-Agent: Mozilla/5.0 (Macintosh; Intel Mac OS X 10.12; rv:60.0) Gecko/20100101 Firefox/60.0


2018/06/02 11:08:08 apigateway.go:236: [REQUEST]  /static/css/font-awesome.min.css   GET /static/css/font-awesome.min.css HTTP/2.0
Host: localhost:4430
Accept: text/css,*/*;q=0.1
Accept-Encoding: gzip, deflate, br
Accept-Language: en-US,en;q=0.5
Cache-Control: max-age=0
Cookie: sid=5b125cfc4c751e0504c99866
If-Modified-Since: Sat, 12 May 2018 09:54:24 GMT
Referer: https://localhost:4430/calendar
User-Agent: Mozilla/5.0 (Macintosh; Intel Mac OS X 10.12; rv:60.0) Gecko/20100101 Firefox/60.0


2018/06/02 11:08:08 apigateway.go:236: [REQUEST]  /static/css/bootstrap.min.css   GET /static/css/bootstrap.min.css HTTP/2.0
Host: localhost:4430
Accept: text/css,*/*;q=0.1
Accept-Encoding: gzip, deflate, br
Accept-Language: en-US,en;q=0.5
Cache-Control: max-age=0
Cookie: sid=5b125cfc4c751e0504c99866
If-Modified-Since: Sat, 12 May 2018 07:16:59 GMT
Referer: https://localhost:4430/calendar
User-Agent: Mozilla/5.0 (Macintosh; Intel Mac OS X 10.12; rv:60.0) Gecko/20100101 Firefox/60.0


2018/06/02 11:08:08 apigateway.go:236: [REQUEST]  /static/css/fullcalendar.min.css   GET /static/css/fullcalendar.min.css HTTP/2.0
Host: localhost:4430
Accept: text/css,*/*;q=0.1
Accept-Encoding: gzip, deflate, br
Accept-Language: en-US,en;q=0.5
Cache-Control: max-age=0
Cookie: sid=5b125cfc4c751e0504c99866
If-Modified-Since: Sat, 26 May 2018 09:03:24 GMT
Referer: https://localhost:4430/calendar
User-Agent: Mozilla/5.0 (Macintosh; Intel Mac OS X 10.12; rv:60.0) Gecko/20100101 Firefox/60.0


2018/06/02 11:08:08 apigateway.go:236: [REQUEST]  /static/css/fullcalendar.print.min.css   GET /static/css/fullcalendar.print.min.css HTTP/2.0
Host: localhost:4430
Accept: text/css,*/*;q=0.1
Accept-Encoding: gzip, deflate, br
Accept-Language: en-US,en;q=0.5
Cache-Control: max-age=0
Cookie: sid=5b125cfc4c751e0504c99866
If-Modified-Since: Sat, 26 May 2018 09:25:15 GMT
Referer: https://localhost:4430/calendar
User-Agent: Mozilla/5.0 (Macintosh; Intel Mac OS X 10.12; rv:60.0) Gecko/20100101 Firefox/60.0


2018/06/02 11:08:08 apigateway.go:236: [REQUEST]  /static/css/bootstrap-datepicker.min.css   GET /static/css/bootstrap-datepicker.min.css HTTP/2.0
Host: localhost:4430
Accept: text/css,*/*;q=0.1
Accept-Encoding: gzip, deflate, br
Accept-Language: en-US,en;q=0.5
Cache-Control: max-age=0
Cookie: sid=5b125cfc4c751e0504c99866
If-Modified-Since: Fri, 05 Aug 2016 07:56:20 GMT
Referer: https://localhost:4430/calendar
User-Agent: Mozilla/5.0 (Macintosh; Intel Mac OS X 10.12; rv:60.0) Gecko/20100101 Firefox/60.0


2018/06/02 11:08:08 apigateway.go:236: [REQUEST]  /static/css/main.css   GET /static/css/main.css HTTP/2.0
Host: localhost:4430
Accept: text/css,*/*;q=0.1
Accept-Encoding: gzip, deflate, br
Accept-Language: en-US,en;q=0.5
Cache-Control: max-age=0
Cookie: sid=5b125cfc4c751e0504c99866
If-Modified-Since: Sun, 27 May 2018 17:24:54 GMT
Referer: https://localhost:4430/calendar
User-Agent: Mozilla/5.0 (Macintosh; Intel Mac OS X 10.12; rv:60.0) Gecko/20100101 Firefox/60.0


2018/06/02 11:08:08 apigateway.go:236: [REQUEST]  /static/js/jquery.min.js   GET /static/js/jquery.min.js HTTP/2.0
Host: localhost:4430
Accept: */*
Accept-Encoding: gzip, deflate, br
Accept-Language: en-US,en;q=0.5
Cache-Control: max-age=0
Cookie: sid=5b125cfc4c751e0504c99866
If-Modified-Since: Sat, 12 May 2018 07:16:59 GMT
Referer: https://localhost:4430/calendar
User-Agent: Mozilla/5.0 (Macintosh; Intel Mac OS X 10.12; rv:60.0) Gecko/20100101 Firefox/60.0


2018/06/02 11:08:08 apigateway.go:236: [REQUEST]  /static/js/bootstrap-tagsinput.js   GET /static/js/bootstrap-tagsinput.js HTTP/2.0
Host: localhost:4430
Accept: */*
Accept-Encoding: gzip, deflate, br
Accept-Language: en-US,en;q=0.5
Cache-Control: max-age=0
Cookie: sid=5b125cfc4c751e0504c99866
If-Modified-Since: Mon, 02 Nov 2015 18:26:42 GMT
Referer: https://localhost:4430/calendar
User-Agent: Mozilla/5.0 (Macintosh; Intel Mac OS X 10.12; rv:60.0) Gecko/20100101 Firefox/60.0


2018/06/02 11:08:08 apigateway.go:236: [REQUEST]  /static/js/typeahead.bundle.min.js   GET /static/js/typeahead.bundle.min.js HTTP/2.0
Host: localhost:4430
Accept: */*
Accept-Encoding: gzip, deflate, br
Accept-Language: en-US,en;q=0.5
Cache-Control: max-age=0
Cookie: sid=5b125cfc4c751e0504c99866
If-Modified-Since: Sun, 13 May 2018 15:44:39 GMT
Referer: https://localhost:4430/calendar
User-Agent: Mozilla/5.0 (Macintosh; Intel Mac OS X 10.12; rv:60.0) Gecko/20100101 Firefox/60.0


2018/06/02 11:08:08 apigateway.go:236: [REQUEST]  /static/js/moment.min.js   GET /static/js/moment.min.js HTTP/2.0
Host: localhost:4430
Accept: */*
Accept-Encoding: gzip, deflate, br
Accept-Language: en-US,en;q=0.5
Cache-Control: max-age=0
Cookie: sid=5b125cfc4c751e0504c99866
If-Modified-Since: Sat, 26 May 2018 09:05:06 GMT
Referer: https://localhost:4430/calendar
User-Agent: Mozilla/5.0 (Macintosh; Intel Mac OS X 10.12; rv:60.0) Gecko/20100101 Firefox/60.0


2018/06/02 11:08:08 apigateway.go:236: [REQUEST]  /static/js/fullcalendar.min.js   GET /static/js/fullcalendar.min.js HTTP/2.0
Host: localhost:4430
Accept: */*
Accept-Encoding: gzip, deflate, br
Accept-Language: en-US,en;q=0.5
Cache-Control: max-age=0
Cookie: sid=5b125cfc4c751e0504c99866
If-Modified-Since: Sat, 26 May 2018 09:03:09 GMT
Referer: https://localhost:4430/calendar
User-Agent: Mozilla/5.0 (Macintosh; Intel Mac OS X 10.12; rv:60.0) Gecko/20100101 Firefox/60.0


2018/06/02 11:08:08 apigateway.go:236: [REQUEST]  /static/js/bootstrap.min.js   GET /static/js/bootstrap.min.js HTTP/2.0
Host: localhost:4430
Accept: */*
Accept-Encoding: gzip, deflate, br
Accept-Language: en-US,en;q=0.5
Cache-Control: max-age=0
Cookie: sid=5b125cfc4c751e0504c99866
If-Modified-Since: Sat, 12 May 2018 07:16:59 GMT
Referer: https://localhost:4430/calendar
User-Agent: Mozilla/5.0 (Macintosh; Intel Mac OS X 10.12; rv:60.0) Gecko/20100101 Firefox/60.0


2018/06/02 11:08:08 apigateway.go:236: [REQUEST]  /static/js/bootstrap3-typeahead.min.js   GET /static/js/bootstrap3-typeahead.min.js HTTP/2.0
Host: localhost:4430
Accept: */*
Accept-Encoding: gzip, deflate, br
Accept-Language: en-US,en;q=0.5
Cache-Control: max-age=0
Cookie: sid=5b125cfc4c751e0504c99866
If-Modified-Since: Sun, 27 May 2018 09:28:14 GMT
Referer: https://localhost:4430/calendar
User-Agent: Mozilla/5.0 (Macintosh; Intel Mac OS X 10.12; rv:60.0) Gecko/20100101 Firefox/60.0


2018/06/02 11:08:08 apigateway.go:236: [REQUEST]  /static/js/bootstrap-datepicker.min.js   GET /static/js/bootstrap-datepicker.min.js HTTP/2.0
Host: localhost:4430
Accept: */*
Accept-Encoding: gzip, deflate, br
Accept-Language: en-US,en;q=0.5
Cache-Control: max-age=0
Cookie: sid=5b125cfc4c751e0504c99866
If-Modified-Since: Fri, 05 Aug 2016 07:56:20 GMT
Referer: https://localhost:4430/calendar
User-Agent: Mozilla/5.0 (Macintosh; Intel Mac OS X 10.12; rv:60.0) Gecko/20100101 Firefox/60.0


2018/06/02 11:08:08 apigateway.go:236: [REQUEST]  /static/js/app.js   GET /static/js/app.js HTTP/2.0
Host: localhost:4430
Accept: */*
Accept-Encoding: gzip, deflate, br
Accept-Language: en-US,en;q=0.5
Cache-Control: max-age=0
Cookie: sid=5b125cfc4c751e0504c99866
If-Modified-Since: Sat, 02 Jun 2018 09:06:08 GMT
Referer: https://localhost:4430/calendar
User-Agent: Mozilla/5.0 (Macintosh; Intel Mac OS X 10.12; rv:60.0) Gecko/20100101 Firefox/60.0


2018/06/02 11:08:08 apigateway.go:236: [REQUEST]  /static/img/7034060-swiss-alps-wallpaper-14990.jpg   GET /static/img/7034060-swiss-alps-wallpaper-14990.jpg HTTP/2.0
Host: localhost:4430
Accept: */*
Accept-Encoding: gzip, deflate, br
Accept-Language: en-US,en;q=0.5
Cache-Control: max-age=0
Cookie: sid=5b125cfc4c751e0504c99866
If-Modified-Since: Sat, 12 May 2018 09:54:24 GMT
Referer: https://localhost:4430/static/css/main.css
User-Agent: Mozilla/5.0 (Macintosh; Intel Mac OS X 10.12; rv:60.0) Gecko/20100101 Firefox/60.0


2018/06/02 11:10:10 apigateway.go:236: [REQUEST]  /static/css/bootstrap.min.css.map   GET /static/css/bootstrap.min.css.map HTTP/2.0
Host: localhost:4430
Accept: */*
Accept-Encoding: gzip, deflate, br
Accept-Language: en-US,en;q=0.5
Cache-Control: max-age=0
If-Modified-Since: Sat, 12 May 2018 10:44:12 GMT
Origin: null
User-Agent: Mozilla/5.0 (Macintosh; Intel Mac OS X 10.12; rv:60.0) Gecko/20100101 Firefox/60.0


2018/06/02 11:14:55 apigateway.go:236: [REQUEST]  /calendar   GET /calendar HTTP/2.0
Host: localhost:4430
Accept: text/html,application/xhtml+xml,application/xml;q=0.9,*/*;q=0.8
Accept-Encoding: gzip, deflate, br
Accept-Language: en-US,en;q=0.5
Cache-Control: max-age=0
Cookie: sid=5b125cfc4c751e0504c99866
Referer: https://localhost:4430/
Upgrade-Insecure-Requests: 1
User-Agent: Mozilla/5.0 (Macintosh; Intel Mac OS X 10.12; rv:60.0) Gecko/20100101 Firefox/60.0


2018/06/02 11:14:56 apigateway.go:236: [REQUEST]  /static/css/font-awesome.min.css   GET /static/css/font-awesome.min.css HTTP/2.0
Host: localhost:4430
Accept: text/css,*/*;q=0.1
Accept-Encoding: gzip, deflate, br
Accept-Language: en-US,en;q=0.5
Cache-Control: max-age=0
Cookie: sid=5b125cfc4c751e0504c99866
If-Modified-Since: Sat, 12 May 2018 09:54:24 GMT
Referer: https://localhost:4430/calendar
User-Agent: Mozilla/5.0 (Macintosh; Intel Mac OS X 10.12; rv:60.0) Gecko/20100101 Firefox/60.0


2018/06/02 11:14:56 apigateway.go:236: [REQUEST]  /static/css/bootstrap.min.css   GET /static/css/bootstrap.min.css HTTP/2.0
Host: localhost:4430
Accept: text/css,*/*;q=0.1
Accept-Encoding: gzip, deflate, br
Accept-Language: en-US,en;q=0.5
Cache-Control: max-age=0
Cookie: sid=5b125cfc4c751e0504c99866
If-Modified-Since: Sat, 12 May 2018 07:16:59 GMT
Referer: https://localhost:4430/calendar
User-Agent: Mozilla/5.0 (Macintosh; Intel Mac OS X 10.12; rv:60.0) Gecko/20100101 Firefox/60.0


2018/06/02 11:14:56 apigateway.go:236: [REQUEST]  /static/css/fullcalendar.min.css   GET /static/css/fullcalendar.min.css HTTP/2.0
Host: localhost:4430
Accept: text/css,*/*;q=0.1
Accept-Encoding: gzip, deflate, br
Accept-Language: en-US,en;q=0.5
Cache-Control: max-age=0
Cookie: sid=5b125cfc4c751e0504c99866
If-Modified-Since: Sat, 26 May 2018 09:03:24 GMT
Referer: https://localhost:4430/calendar
User-Agent: Mozilla/5.0 (Macintosh; Intel Mac OS X 10.12; rv:60.0) Gecko/20100101 Firefox/60.0


2018/06/02 11:14:56 apigateway.go:236: [REQUEST]  /static/css/bootstrap-datepicker.min.css   GET /static/css/bootstrap-datepicker.min.css HTTP/2.0
Host: localhost:4430
Accept: text/css,*/*;q=0.1
Accept-Encoding: gzip, deflate, br
Accept-Language: en-US,en;q=0.5
Cache-Control: max-age=0
Cookie: sid=5b125cfc4c751e0504c99866
If-Modified-Since: Fri, 05 Aug 2016 07:56:20 GMT
Referer: https://localhost:4430/calendar
User-Agent: Mozilla/5.0 (Macintosh; Intel Mac OS X 10.12; rv:60.0) Gecko/20100101 Firefox/60.0


2018/06/02 11:14:56 apigateway.go:236: [REQUEST]  /static/css/main.css   GET /static/css/main.css HTTP/2.0
Host: localhost:4430
Accept: text/css,*/*;q=0.1
Accept-Encoding: gzip, deflate, br
Accept-Language: en-US,en;q=0.5
Cache-Control: max-age=0
Cookie: sid=5b125cfc4c751e0504c99866
If-Modified-Since: Sun, 27 May 2018 17:24:54 GMT
Referer: https://localhost:4430/calendar
User-Agent: Mozilla/5.0 (Macintosh; Intel Mac OS X 10.12; rv:60.0) Gecko/20100101 Firefox/60.0


2018/06/02 11:14:56 apigateway.go:236: [REQUEST]  /static/js/jquery.min.js   GET /static/js/jquery.min.js HTTP/2.0
Host: localhost:4430
Accept: */*
Accept-Encoding: gzip, deflate, br
Accept-Language: en-US,en;q=0.5
Cache-Control: max-age=0
Cookie: sid=5b125cfc4c751e0504c99866
If-Modified-Since: Sat, 12 May 2018 07:16:59 GMT
Referer: https://localhost:4430/calendar
User-Agent: Mozilla/5.0 (Macintosh; Intel Mac OS X 10.12; rv:60.0) Gecko/20100101 Firefox/60.0


2018/06/02 11:14:56 apigateway.go:236: [REQUEST]  /static/js/bootstrap.min.js   GET /static/js/bootstrap.min.js HTTP/2.0
Host: localhost:4430
Accept: */*
Accept-Encoding: gzip, deflate, br
Accept-Language: en-US,en;q=0.5
Cache-Control: max-age=0
Cookie: sid=5b125cfc4c751e0504c99866
If-Modified-Since: Sat, 12 May 2018 07:16:59 GMT
Referer: https://localhost:4430/calendar
User-Agent: Mozilla/5.0 (Macintosh; Intel Mac OS X 10.12; rv:60.0) Gecko/20100101 Firefox/60.0


2018/06/02 11:14:56 apigateway.go:236: [REQUEST]  /static/js/typeahead.bundle.min.js   GET /static/js/typeahead.bundle.min.js HTTP/2.0
Host: localhost:4430
Accept: */*
Accept-Encoding: gzip, deflate, br
Accept-Language: en-US,en;q=0.5
Cache-Control: max-age=0
Cookie: sid=5b125cfc4c751e0504c99866
If-Modified-Since: Sun, 13 May 2018 15:44:39 GMT
Referer: https://localhost:4430/calendar
User-Agent: Mozilla/5.0 (Macintosh; Intel Mac OS X 10.12; rv:60.0) Gecko/20100101 Firefox/60.0


2018/06/02 11:14:56 apigateway.go:236: [REQUEST]  /static/js/bootstrap-tagsinput.js   GET /static/js/bootstrap-tagsinput.js HTTP/2.0
Host: localhost:4430
Accept: */*
Accept-Encoding: gzip, deflate, br
Accept-Language: en-US,en;q=0.5
Cache-Control: max-age=0
Cookie: sid=5b125cfc4c751e0504c99866
If-Modified-Since: Mon, 02 Nov 2015 18:26:42 GMT
Referer: https://localhost:4430/calendar
User-Agent: Mozilla/5.0 (Macintosh; Intel Mac OS X 10.12; rv:60.0) Gecko/20100101 Firefox/60.0


2018/06/02 11:14:56 apigateway.go:236: [REQUEST]  /static/js/moment.min.js   GET /static/js/moment.min.js HTTP/2.0
Host: localhost:4430
Accept: */*
Accept-Encoding: gzip, deflate, br
Accept-Language: en-US,en;q=0.5
Cache-Control: max-age=0
Cookie: sid=5b125cfc4c751e0504c99866
If-Modified-Since: Sat, 26 May 2018 09:05:06 GMT
Referer: https://localhost:4430/calendar
User-Agent: Mozilla/5.0 (Macintosh; Intel Mac OS X 10.12; rv:60.0) Gecko/20100101 Firefox/60.0


2018/06/02 11:14:56 apigateway.go:236: [REQUEST]  /static/js/fullcalendar.min.js   GET /static/js/fullcalendar.min.js HTTP/2.0
Host: localhost:4430
Accept: */*
Accept-Encoding: gzip, deflate, br
Accept-Language: en-US,en;q=0.5
Cache-Control: max-age=0
Cookie: sid=5b125cfc4c751e0504c99866
If-Modified-Since: Sat, 26 May 2018 09:03:09 GMT
Referer: https://localhost:4430/calendar
User-Agent: Mozilla/5.0 (Macintosh; Intel Mac OS X 10.12; rv:60.0) Gecko/20100101 Firefox/60.0


2018/06/02 11:14:56 apigateway.go:236: [REQUEST]  /static/js/bootstrap3-typeahead.min.js   GET /static/js/bootstrap3-typeahead.min.js HTTP/2.0
Host: localhost:4430
Accept: */*
Accept-Encoding: gzip, deflate, br
Accept-Language: en-US,en;q=0.5
Cache-Control: max-age=0
Cookie: sid=5b125cfc4c751e0504c99866
If-Modified-Since: Sun, 27 May 2018 09:28:14 GMT
Referer: https://localhost:4430/calendar
User-Agent: Mozilla/5.0 (Macintosh; Intel Mac OS X 10.12; rv:60.0) Gecko/20100101 Firefox/60.0


2018/06/02 11:14:56 apigateway.go:236: [REQUEST]  /static/css/fullcalendar.print.min.css   GET /static/css/fullcalendar.print.min.css HTTP/2.0
Host: localhost:4430
Accept: text/css,*/*;q=0.1
Accept-Encoding: gzip, deflate, br
Accept-Language: en-US,en;q=0.5
Cache-Control: max-age=0
Cookie: sid=5b125cfc4c751e0504c99866
If-Modified-Since: Sat, 26 May 2018 09:25:15 GMT
Referer: https://localhost:4430/calendar
User-Agent: Mozilla/5.0 (Macintosh; Intel Mac OS X 10.12; rv:60.0) Gecko/20100101 Firefox/60.0


2018/06/02 11:14:56 apigateway.go:236: [REQUEST]  /static/js/bootstrap-datepicker.min.js   GET /static/js/bootstrap-datepicker.min.js HTTP/2.0
Host: localhost:4430
Accept: */*
Accept-Encoding: gzip, deflate, br
Accept-Language: en-US,en;q=0.5
Cache-Control: max-age=0
Cookie: sid=5b125cfc4c751e0504c99866
If-Modified-Since: Fri, 05 Aug 2016 07:56:20 GMT
Referer: https://localhost:4430/calendar
User-Agent: Mozilla/5.0 (Macintosh; Intel Mac OS X 10.12; rv:60.0) Gecko/20100101 Firefox/60.0


2018/06/02 11:14:56 apigateway.go:236: [REQUEST]  /static/js/app.js   GET /static/js/app.js HTTP/2.0
Host: localhost:4430
Accept: */*
Accept-Encoding: gzip, deflate, br
Accept-Language: en-US,en;q=0.5
Cache-Control: max-age=0
Cookie: sid=5b125cfc4c751e0504c99866
If-Modified-Since: Sat, 02 Jun 2018 09:08:03 GMT
Referer: https://localhost:4430/calendar
User-Agent: Mozilla/5.0 (Macintosh; Intel Mac OS X 10.12; rv:60.0) Gecko/20100101 Firefox/60.0


2018/06/02 11:14:58 apigateway.go:236: [REQUEST]  /static/img/7034060-swiss-alps-wallpaper-14990.jpg   GET /static/img/7034060-swiss-alps-wallpaper-14990.jpg HTTP/2.0
Host: localhost:4430
Accept: */*
Accept-Encoding: gzip, deflate, br
Accept-Language: en-US,en;q=0.5
Cache-Control: max-age=0
Cookie: sid=5b125cfc4c751e0504c99866
If-Modified-Since: Sat, 12 May 2018 09:54:24 GMT
Referer: https://localhost:4430/static/css/main.css
User-Agent: Mozilla/5.0 (Macintosh; Intel Mac OS X 10.12; rv:60.0) Gecko/20100101 Firefox/60.0


2018/06/02 11:14:58 apigateway.go:236: [REQUEST]  /static/css/bootstrap.min.css.map   GET /static/css/bootstrap.min.css.map HTTP/2.0
Host: localhost:4430
Accept: */*
Accept-Encoding: gzip, deflate, br
Accept-Language: en-US,en;q=0.5
Cache-Control: max-age=0
If-Modified-Since: Sat, 12 May 2018 10:44:12 GMT
Origin: null
User-Agent: Mozilla/5.0 (Macintosh; Intel Mac OS X 10.12; rv:60.0) Gecko/20100101 Firefox/60.0


2018/06/02 11:15:03 apigateway.go:236: [REQUEST]  /api/meal/suggest   GET /api/meal/suggest HTTP/2.0
Host: localhost:4430
Accept: */*
Accept-Encoding: gzip, deflate, br
Accept-Language: en-US,en;q=0.5
Authorization: Bearer 5b125cfc4c751e0504c99866
Cookie: sid=5b125cfc4c751e0504c99866
Referer: https://localhost:4430/calendar
User-Agent: Mozilla/5.0 (Macintosh; Intel Mac OS X 10.12; rv:60.0) Gecko/20100101 Firefox/60.0
X-Requested-With: XMLHttpRequest


2018/06/02 11:15:10 apigateway.go:236: [REQUEST]  /api/meal/suggest   GET /api/meal/suggest HTTP/2.0
Host: localhost:4430
Accept: */*
Accept-Encoding: gzip, deflate, br
Accept-Language: en-US,en;q=0.5
Authorization: Bearer 5b125cfc4c751e0504c99866
Cookie: sid=5b125cfc4c751e0504c99866
Referer: https://localhost:4430/calendar
User-Agent: Mozilla/5.0 (Macintosh; Intel Mac OS X 10.12; rv:60.0) Gecko/20100101 Firefox/60.0
X-Requested-With: XMLHttpRequest


2018/06/02 11:15:13 apigateway.go:236: [REQUEST]  /api/meal/suggest   GET /api/meal/suggest HTTP/2.0
Host: localhost:4430
Accept: */*
Accept-Encoding: gzip, deflate, br
Accept-Language: en-US,en;q=0.5
Authorization: Bearer 5b125cfc4c751e0504c99866
Cookie: sid=5b125cfc4c751e0504c99866
Referer: https://localhost:4430/calendar
User-Agent: Mozilla/5.0 (Macintosh; Intel Mac OS X 10.12; rv:60.0) Gecko/20100101 Firefox/60.0
X-Requested-With: XMLHttpRequest


2018/06/02 11:15:13 apigateway.go:236: [REQUEST]  /api/meal/suggest   GET /api/meal/suggest HTTP/2.0
Host: localhost:4430
Accept: */*
Accept-Encoding: gzip, deflate, br
Accept-Language: en-US,en;q=0.5
Authorization: Bearer 5b125cfc4c751e0504c99866
Cookie: sid=5b125cfc4c751e0504c99866
Referer: https://localhost:4430/calendar
User-Agent: Mozilla/5.0 (Macintosh; Intel Mac OS X 10.12; rv:60.0) Gecko/20100101 Firefox/60.0
X-Requested-With: XMLHttpRequest


2018/06/02 11:16:12 server.go:2923: http: TLS handshake error from 192.168.1.184:47753: tls: first record does not look like a TLS handshake
2018/06/02 11:16:13 server.go:2923: http: TLS handshake error from 192.168.1.184:47754: tls: first record does not look like a TLS handshake
2018/06/02 11:16:18 server.go:2923: http: TLS handshake error from 192.168.1.184:47755: tls: first record does not look like a TLS handshake
